{
  "RSpec": {
    "coverage": {
      "/home/geraldina/Ruby/lab2_2.2.4/lib/book.rb": [
        null,
        1,
        1,
        1,
        1,
        1,
        499,
        499,
        499,
        499,
        499,
        499,
        499,
        null,
        null
      ],
      "/home/geraldina/Ruby/lab2_2.2.4/lib/core.rb": [
        1,
        1,
        1,
        1,
        null,
        null,
        1,
        1,
        null,
        1,
        1,
        1,
        null,
        null,
        1,
        1,
        1,
        1,
        1,
        0,
        null,
        0,
        null,
        null,
        null,
        null,
        null,
        1,
        1,
        500,
        499,
        499,
        null,
        499,
        null,
        0,
        null,
        0,
        null,
        0,
        0,
        null,
        null,
        null,
        null,
        1,
        0,
        0,
        null,
        null,
        1,
        0,
        0,
        0,
        0,
        0,
        0,
        0,
        null,
        null,
        null,
        null,
        1,
        0,
        0,
        0,
        0,
        null,
        0,
        null,
        0,
        null,
        0,
        0,
        null,
        null
      ],
      "/home/geraldina/Ruby/lab2_2.2.4/lib/dao.rb": [
        1,
        1,
        1,
        1,
        1,
        null,
        null,
        null,
        1,
        1,
        1,
        1,
        1,
        null,
        1,
        0,
        0,
        0,
        null,
        null,
        1,
        0,
        0,
        0,
        null,
        null,
        null,
        0,
        0,
        null,
        0,
        null,
        0,
        0,
        0,
        0,
        null,
        null,
        1,
        0,
        0,
        0,
        null,
        null,
        0,
        null,
        0,
        null,
        0,
        0,
        0,
        0,
        null,
        null,
        1,
        null,
        0,
        0,
        null,
        null,
        1,
        0,
        0,
        0,
        0,
        null,
        null,
        null,
        null,
        null,
        1,
        0,
        0,
        0,
        0,
        0,
        null,
        null,
        0,
        0,
        null,
        null,
        null,
        null,
        null,
        null,
        null
      ],
      "/home/geraldina/Ruby/lab2_2.2.4/lib/library.rb": [
        1,
        null,
        null,
        1,
        1,
        1,
        1,
        null,
        null,
        1,
        498,
        null,
        null,
        1,
        0,
        null,
        0,
        null,
        0,
        null,
        null,
        1,
        0,
        null,
        0,
        null,
        0,
        0,
        0,
        null,
        0,
        null,
        null,
        null,
        1,
        0,
        0,
        0,
        0,
        0,
        0,
        null,
        0,
        0,
        0,
        null,
        0,
        0,
        null,
        null,
        1,
        0,
        0,
        0,
        null,
        null,
        null,
        1,
        0,
        0,
        0,
        null,
        null,
        null,
        1,
        0,
        0,
        0,
        null,
        null,
        null,
        null,
        1,
        0,
        0,
        0,
        null,
        null,
        null,
        null
      ],
      "/home/geraldina/Ruby/lab2_2.2.4/lib/readers.rb": [
        1,
        null,
        null,
        1,
        1,
        1,
        1,
        null,
        null,
        1,
        0,
        0,
        0,
        0,
        null,
        0,
        null,
        null,
        null,
        1,
        0,
        null,
        null,
        1,
        1,
        1,
        null,
        null,
        1,
        0,
        0,
        null,
        0,
        null,
        null,
        1,
        0,
        0,
        null,
        0,
        0,
        null,
        null,
        null,
        1,
        0,
        0,
        null,
        0,
        null,
        0,
        null,
        null,
        1,
        0,
        0,
        0,
        0,
        null,
        0,
        null,
        null
      ],
      "/home/geraldina/Ruby/lab2_2.2.4/lib/person.rb": [
        null,
        1,
        1,
        1,
        1,
        9,
        9,
        9,
        9,
        null,
        9,
        null,
        null,
        1,
        2,
        2,
        2,
        2,
        1,
        null,
        1,
        null,
        null,
        null,
        1,
        2,
        4,
        null,
        null,
        null
      ],
      "/home/geraldina/Ruby/lab2_2.2.4/lib/message.rb": [
        null,
        1,
        1,
        1,
        1,
        null,
        null,
        1,
        500,
        500,
        500,
        500,
        500,
        500,
        500,
        500,
        500,
        500,
        null,
        null,
        1,
        499,
        499,
        499,
        499,
        499,
        null,
        null,
        1,
        0,
        0,
        0,
        0,
        0,
        null,
        null,
        1,
        0,
        0,
        0,
        0,
        0,
        null,
        null
      ],
      "/home/geraldina/Ruby/lab2_2.2.4/lib/input.rb": [
        1,
        null,
        null,
        1,
        1,
        998,
        998,
        0,
        0,
        null,
        998,
        null,
        null,
        1,
        498,
        498,
        498,
        498,
        498,
        498,
        498,
        498,
        498,
        null,
        null,
        1,
        1,
        1,
        1,
        1,
        1,
        null,
        null,
        1,
        498,
        498,
        498,
        498,
        498,
        null,
        null,
        0,
        null,
        null,
        null,
        1,
        1993,
        1993,
        1993,
        1993,
        1993,
        1993,
        null,
        null,
        null,
        1,
        1497,
        1497,
        1497,
        1497,
        1497,
        1497,
        null,
        null,
        null,
        1,
        0,
        0,
        0,
        0,
        0,
        0,
        0,
        0,
        null,
        null,
        null,
        null,
        1,
        0,
        0,
        0,
        0,
        0,
        null,
        0,
        null,
        null
      ],
      "/home/geraldina/Ruby/lab2_2.2.4/lib/check.rb": [
        null,
        1,
        1,
        1993,
        1993,
        null,
        0,
        0,
        0,
        null,
        null,
        null,
        1,
        1497,
        1497,
        null,
        0,
        0,
        0,
        0,
        0,
        0,
        0,
        0,
        0,
        null,
        null,
        null,
        1,
        0,
        0,
        null,
        0,
        0,
        null,
        null,
        null
      ],
      "/home/geraldina/Ruby/lab2_2.2.4/lib/action.rb": [
        1,
        null,
        1,
        1,
        499,
        null,
        499,
        null,
        0,
        null,
        null,
        null,
        1,
        499,
        499,
        499,
        499,
        null,
        498,
        null,
        1,
        null,
        0,
        null,
        null,
        null,
        null,
        1,
        0,
        0,
        0,
        0,
        null,
        0,
        null,
        0,
        null,
        0,
        null,
        null,
        null,
        null,
        1,
        0,
        null,
        0,
        null,
        0,
        null,
        null,
        null,
        1,
        0,
        null,
        0,
        0,
        null,
        0,
        null,
        0,
        null,
        null,
        null,
        1,
        0,
        0,
        0,
        0,
        0,
        null,
        0,
        0,
        null,
        0,
        0,
        null,
        0,
        null,
        null,
        null,
        null
      ],
      "/home/geraldina/Ruby/lab2_2.2.4/lib/under_action.rb": [
        1,
        null,
        1,
        1,
        498,
        498,
        498,
        null,
        null,
        1,
        1,
        1,
        null,
        null,
        1,
        0,
        0,
        0,
        0,
        0,
        null,
        null,
        1,
        0,
        0,
        0,
        null,
        null,
        1,
        0,
        0,
        null,
        0,
        0,
        0,
        0,
        0,
        null,
        null,
        1,
        0,
        0,
        0,
        null,
        0,
        0,
        0,
        null,
        0,
        null,
        0,
        0,
        0,
        null,
        null
      ]
    },
    "timestamp": 1544053412
  }
}
