{
  "RSpec": {
    "coverage": {
      "/home/geraldina/Program/Ruby/lab3_2.2.4/lib/constants.rb": [
        1,
        1,
        1,
        1,
        null
      ],
      "/home/geraldina/Program/Ruby/lab3_2.2.4/lib/book.rb": [
        null,
        null,
        null,
        1,
        1,
        null,
        1,
        28,
        28,
        28,
        28,
        28,
        28,
        null,
        null,
        1,
        13,
        null,
        null,
        1,
        4,
        null,
        null
      ],
      "/home/geraldina/Program/Ruby/lab3_2.2.4/lib/core.rb": [
        null,
        null,
        1,
        1,
        1,
        null,
        null,
        1,
        1,
        1,
        1,
        1,
        null,
        1,
        null,
        1,
        1,
        1,
        1,
        null,
        null,
        1,
        5,
        5,
        null,
        null,
        1,
        3,
        3,
        null,
        null,
        1,
        11,
        null,
        null,
        1,
        1,
        1,
        null,
        null,
        1,
        2,
        2,
        2,
        null,
        2,
        null,
        null,
        1,
        3,
        3,
        3,
        3,
        3,
        3,
        3,
        null,
        null,
        null,
        null,
        1,
        3,
        1,
        1,
        1,
        null,
        2,
        null,
        2,
        null,
        2,
        2,
        null,
        2,
        null,
        null
      ],
      "/home/geraldina/Program/Ruby/lab3_2.2.4/lib/dao.rb": [
        null,
        null,
        1,
        1,
        1,
        1,
        1,
        null,
        null,
        null,
        1,
        1,
        3,
        3,
        3,
        null,
        null,
        1,
        3,
        3,
        null,
        1,
        3,
        null,
        null,
        3,
        3,
        null,
        1,
        null,
        null,
        1,
        3,
        3,
        null,
        1,
        3,
        null,
        null,
        3,
        null,
        1,
        null,
        null,
        1,
        11,
        11,
        null,
        null,
        1,
        11,
        11,
        11,
        20,
        null,
        null,
        null,
        null,
        null,
        1,
        11,
        11,
        11,
        5,
        3,
        null,
        null,
        2,
        2,
        null,
        null,
        null,
        null,
        null,
        null,
        null
      ],
      "/home/geraldina/Program/Ruby/lab3_2.2.4/lib/library.rb": [
        null,
        null,
        1,
        null,
        null,
        1,
        1,
        1,
        13,
        null,
        null,
        1,
        26,
        null,
        null,
        1,
        2,
        null,
        null,
        1,
        3,
        3,
        3,
        3,
        null,
        null,
        1,
        48,
        null,
        null,
        1,
        3,
        null,
        null,
        1,
        1,
        1,
        1,
        1,
        null,
        null,
        1,
        null,
        null
      ],
      "/home/geraldina/Program/Ruby/lab3_2.2.4/lib/readers.rb": [
        null,
        null,
        1,
        null,
        null,
        1,
        1,
        1,
        19,
        null,
        null,
        1,
        4,
        4,
        3,
        3,
        null,
        1,
        null,
        null,
        null,
        1,
        3,
        null,
        null,
        null,
        1,
        10,
        null,
        null,
        1,
        15,
        15,
        null,
        null,
        null,
        1,
        3,
        3,
        null,
        1,
        null,
        null,
        1,
        2,
        null,
        null,
        1,
        2,
        null,
        null,
        1,
        1,
        1,
        1,
        null,
        1,
        null,
        null
      ],
      "/home/geraldina/Program/Ruby/lab3_2.2.4/lib/person.rb": [
        null,
        null,
        null,
        1,
        1,
        null,
        1,
        34,
        34,
        34,
        34,
        null,
        34,
        null,
        null,
        1,
        20,
        7,
        1,
        1,
        1,
        null,
        19,
        null,
        null,
        null,
        1,
        5,
        7,
        null,
        null,
        null,
        1,
        8,
        null,
        null
      ],
      "/home/geraldina/Program/Ruby/lab3_2.2.4/lib/input.rb": [
        null,
        null,
        null,
        1,
        1,
        5,
        5,
        5,
        5,
        5,
        null,
        null
      ],
      "/home/geraldina/Program/Ruby/lab3_2.2.4/app.rb": [
        1,
        1,
        1,
        null,
        null,
        null,
        null,
        null,
        1,
        null,
        1,
        1,
        null,
        null,
        1,
        16,
        16,
        16,
        16,
        null,
        null,
        1,
        0,
        0,
        0,
        0,
        null,
        0,
        0,
        null,
        0,
        null,
        null,
        1,
        7,
        null,
        null,
        1,
        6,
        6,
        2,
        2,
        2,
        2,
        2,
        2,
        2,
        null,
        4,
        null,
        null,
        4,
        4,
        4,
        4,
        null,
        null,
        1,
        2,
        2,
        2,
        2,
        2,
        2,
        2,
        2,
        2,
        null,
        null,
        1,
        2,
        2,
        2,
        null,
        null,
        1,
        6,
        6,
        null,
        null,
        1,
        3,
        null,
        null,
        1,
        3,
        3,
        1,
        1,
        1,
        1,
        1,
        null,
        2,
        2,
        2,
        2,
        null,
        null,
        1,
        1,
        1,
        1,
        1,
        1,
        1,
        1,
        1,
        null,
        null,
        1,
        1,
        1,
        1,
        null,
        null,
        1,
        0,
        0,
        0,
        0,
        0,
        0,
        0,
        0,
        0,
        0,
        0,
        0,
        0,
        0,
        0,
        0,
        0,
        0,
        null,
        null,
        1,
        0,
        0,
        0,
        null,
        null,
        1,
        0,
        0,
        0,
        null,
        null,
        1,
        0,
        0,
        0,
        0,
        0,
        0,
        null,
        0,
        null,
        0,
        null,
        null,
        1,
        0,
        0,
        0,
        0,
        0,
        null,
        null,
        1,
        0,
        0,
        0,
        0,
        0,
        0,
        0,
        0,
        null,
        0,
        0,
        0,
        null
      ],
      "/home/geraldina/Program/Ruby/lab3_2.2.4/lib/input_checker.rb": [
        null,
        null,
        null,
        1,
        1,
        21,
        21,
        null,
        null,
        1,
        27,
        null,
        21,
        null,
        null,
        1,
        0,
        0,
        null,
        0,
        null,
        null,
        null,
        1,
        0,
        0,
        0,
        0,
        0,
        0,
        0,
        null,
        null,
        1,
        6,
        6,
        6,
        1,
        null,
        6,
        6,
        6,
        6,
        null,
        null,
        1,
        6,
        6,
        6,
        6,
        6,
        null,
        null,
        1,
        3,
        3,
        1,
        null,
        3,
        3,
        1,
        null,
        3,
        3,
        null,
        null
      ]
    },
    "timestamp": 1597262614
  }
}
